<?xml version="1.0" encoding="UTF-8"?>
<!-- Generated by org.testng.reporters.JUnitReportReporter -->
<testsuite hostname="LAPTOP-N926GS71" failures="0" tests="4" name="com.bridgelabz.DB_Automation_Testing.DB_Test" time="0.474" errors="0" timestamp="2022-08-22T17:56:17 IST" skipped="0">
  <testcase classname="com.bridgelabz.DB_Automation_Testing.DB_Test" name="getTableData" time="0.147"/>
  <system-out/>
  <testcase classname="com.bridgelabz.DB_Automation_Testing.DB_Test" name="insertData" time="0.132"/>
  <system-out/>
  <testcase classname="com.bridgelabz.DB_Automation_Testing.DB_Test" name="updateTableData" time="0.096"/>
  <system-out/>
  <testcase classname="com.bridgelabz.DB_Automation_Testing.DB_Test" name="deleteTaleData" time="0.099"/>
  <system-out/>
</testsuite> <!-- com.bridgelabz.DB_Automation_Testing.DB_Test -->
